# JRE version: OpenJDK Runtime Environment (15.0.1+9) (build 15.0.1+9-18)
# Java VM: OpenJDK 64-Bit Server VM (15.0.1+9-18, mixed mode, tiered, compressed oops, g1 gc, windows-amd64)
GC Precious Log:
 CPUs: 8 total, 8 available
 Memory: 8078M
 Large Page Support: Disabled
 NUMA Support: Disabled
 Compressed Oops: Enabled (32-bit)
 Heap Region Size: 1M
 Heap Min Capacity: 8M
 Heap Initial Capacity: 128M
 Heap Max Capacity: 2020M
 Pre-touch: Disabled
 Parallel Workers: 8
 Concurrent Workers: 2
 Concurrent Refinement Workers: 8
 Periodic GC: Disabled
Heap:
 garbage-first heap   total 71680K, used 37419K [0x0000000081c00000, 0x0000000100000000)
  region size 1024K, 6 young (6144K), 4 survivors (4096K)
 Metaspace       used 67849K, capacity 68480K, committed 68696K, reserved 1110016K
  class space    used 8784K, capacity 9008K, committed 9088K, reserved 1048576K
GC Heap History (20 events):
Event: 3.155 GC heap before
{Heap before GC invocations=17 (full 0):
 garbage-first heap   total 59392K, used 45233K [0x0000000081c00000, 0x0000000100000000)
  region size 1024K, 27 young (27648K), 4 survivors (4096K)
 Metaspace       used 55235K, capacity 55725K, committed 55936K, reserved 1097728K
  class space    used 7117K, capacity 7275K, committed 7296K, reserved 1048576K
}
Event: 3.159 GC heap after
{Heap after GC invocations=18 (full 0):
 garbage-first heap   total 71680K, used 23797K [0x0000000081c00000, 0x0000000100000000)
  region size 1024K, 4 young (4096K), 4 survivors (4096K)
 Metaspace       used 55235K, capacity 55725K, committed 55936K, reserved 1097728K
  class space    used 7117K, capacity 7275K, committed 7296K, reserved 1048576K
}
Event: 3.459 GC heap before
{Heap before GC invocations=18 (full 0):
 garbage-first heap   total 71680K, used 55541K [0x0000000081c00000, 0x0000000100000000)
  region size 1024K, 35 young (35840K), 4 survivors (4096K)
 Metaspace       used 59551K, capacity 60048K, committed 60160K, reserved 1101824K
  class space    used 7710K, capacity 7926K, committed 7936K, reserved 1048576K
}
Event: 3.464 GC heap after
{Heap after GC invocations=19 (full 0):
 garbage-first heap   total 71680K, used 25633K [0x0000000081c00000, 0x0000000100000000)
  region size 1024K, 4 young (4096K), 4 survivors (4096K)
 Metaspace       used 59551K, capacity 60048K, committed 60160K, reserved 1101824K
  class space    used 7710K, capacity 7926K, committed 7936K, reserved 1048576K
}
Event: 3.492 GC heap before
{Heap before GC invocations=19 (full 0):
 garbage-first heap   total 71680K, used 28705K [0x0000000081c00000, 0x0000000100000000)
  region size 1024K, 8 young (8192K), 4 survivors (4096K)
 Metaspace       used 59719K, capacity 60240K, committed 60376K, reserved 1101824K
  class space    used 7731K, capacity 7926K, committed 7936K, reserved 1048576K
}
Event: 3.495 GC heap after
{Heap after GC invocations=20 (full 0):
 garbage-first heap   total 71680K, used 25994K [0x0000000081c00000, 0x0000000100000000)
  region size 1024K, 3 young (3072K), 3 survivors (3072K)
 Metaspace       used 59719K, capacity 60240K, committed 60376K, reserved 1101824K
  class space    used 7731K, capacity 7926K, committed 7936K, reserved 1048576K
}
Event: 95.124 GC heap before
{Heap before GC invocations=21 (full 0):
 garbage-first heap   total 71680K, used 56714K [0x0000000081c00000, 0x0000000100000000)
  region size 1024K, 33 young (33792K), 3 survivors (3072K)
 Metaspace       used 62957K, capacity 63556K, committed 63704K, reserved 1103872K
  class space    used 8205K, capacity 8429K, committed 8448K, reserved 1048576K
}
Event: 95.129 GC heap after
{Heap after GC invocations=22 (full 0):
 garbage-first heap   total 71680K, used 28282K [0x0000000081c00000, 0x0000000100000000)
  region size 1024K, 5 young (5120K), 5 survivors (5120K)
 Metaspace       used 62957K, capacity 63556K, committed 63704K, reserved 1103872K
  class space    used 8205K, capacity 8429K, committed 8448K, reserved 1048576K
}
Event: 662.732 GC heap before
{Heap before GC invocations=22 (full 0):
 garbage-first heap   total 71680K, used 56954K [0x0000000081c00000, 0x0000000100000000)
  region size 1024K, 33 young (33792K), 5 survivors (5120K)
 Metaspace       used 67751K, capacity 68405K, committed 68696K, reserved 1110016K
  class space    used 8770K, capacity 8992K, committed 9088K, reserved 1048576K
}
Event: 662.742 GC heap after
{Heap after GC invocations=23 (full 0):
 garbage-first heap   total 71680K, used 30011K [0x0000000081c00000, 0x0000000100000000)
  region size 1024K, 5 young (5120K), 5 survivors (5120K)
 Metaspace       used 67751K, capacity 68405K, committed 68696K, reserved 1110016K
  class space    used 8770K, capacity 8992K, committed 9088K, reserved 1048576K
}
Event: 1771.468 GC heap before
{Heap before GC invocations=23 (full 0):
 garbage-first heap   total 71680K, used 57659K [0x0000000081c00000, 0x0000000100000000)
  region size 1024K, 32 young (32768K), 5 survivors (5120K)
 Metaspace       used 67783K, capacity 68405K, committed 68696K, reserved 1110016K
  class space    used 8774K, capacity 8992K, committed 9088K, reserved 1048576K
}
Event: 1771.477 GC heap after
{Heap after GC invocations=24 (full 0):
 garbage-first heap   total 71680K, used 30887K [0x0000000081c00000, 0x0000000100000000)
  region size 1024K, 3 young (3072K), 3 survivors (3072K)
 Metaspace       used 67783K, capacity 68405K, committed 68696K, reserved 1110016K
  class space    used 8774K, capacity 8992K, committed 9088K, reserved 1048576K
}
Event: 1793.146 GC heap before
{Heap before GC invocations=24 (full 0):
 garbage-first heap   total 71680K, used 57511K [0x0000000081c00000, 0x0000000100000000)
  region size 1024K, 30 young (30720K), 3 survivors (3072K)
 Metaspace       used 67821K, capacity 68441K, committed 68696K, reserved 1110016K
  class space    used 8777K, capacity 8998K, committed 9088K, reserved 1048576K
}
Event: 1793.151 GC heap after
{Heap after GC invocations=25 (full 0):
 garbage-first heap   total 71680K, used 33109K [0x0000000081c00000, 0x0000000100000000)
  region size 1024K, 4 young (4096K), 4 survivors (4096K)
 Metaspace       used 67821K, capacity 68441K, committed 68696K, reserved 1110016K
  class space    used 8777K, capacity 8998K, committed 9088K, reserved 1048576K
}
Event: 2891.793 GC heap before
{Heap before GC invocations=25 (full 0):
 garbage-first heap   total 71680K, used 57685K [0x0000000081c00000, 0x0000000100000000)
  region size 1024K, 28 young (28672K), 4 survivors (4096K)
 Metaspace       used 67848K, capacity 68480K, committed 68696K, reserved 1110016K
  class space    used 8783K, capacity 9008K, committed 9088K, reserved 1048576K
}
Event: 2891.799 GC heap after
{Heap after GC invocations=26 (full 0):
 garbage-first heap   total 71680K, used 33661K [0x0000000081c00000, 0x0000000100000000)
  region size 1024K, 3 young (3072K), 3 survivors (3072K)
 Metaspace       used 67848K, capacity 68480K, committed 68696K, reserved 1110016K
  class space    used 8783K, capacity 9008K, committed 9088K, reserved 1048576K
}
Event: 3564.343 GC heap before
{Heap before GC invocations=26 (full 0):
 garbage-first heap   total 71680K, used 57213K [0x0000000081c00000, 0x0000000100000000)
  region size 1024K, 27 young (27648K), 3 survivors (3072K)
 Metaspace       used 67849K, capacity 68480K, committed 68696K, reserved 1110016K
  class space    used 8784K, capacity 9008K, committed 9088K, reserved 1048576K
}
Event: 3564.347 GC heap after
{Heap after GC invocations=27 (full 0):
 garbage-first heap   total 71680K, used 34633K [0x0000000081c00000, 0x0000000100000000)
  region size 1024K, 2 young (2048K), 2 survivors (2048K)
 Metaspace       used 67849K, capacity 68480K, committed 68696K, reserved 1110016K
  class space    used 8784K, capacity 9008K, committed 9088K, reserved 1048576K
}
Event: 3582.261 GC heap before
{Heap before GC invocations=27 (full 0):
 garbage-first heap   total 71680K, used 58185K [0x0000000081c00000, 0x0000000100000000)
  region size 1024K, 25 young (25600K), 2 survivors (2048K)
 Metaspace       used 67849K, capacity 68480K, committed 68696K, reserved 1110016K
  class space    used 8784K, capacity 9008K, committed 9088K, reserved 1048576K
}
Event: 3582.268 GC heap after
{Heap after GC invocations=28 (full 0):
 garbage-first heap   total 71680K, used 36395K [0x0000000081c00000, 0x0000000100000000)
  region size 1024K, 4 young (4096K), 4 survivors (4096K)
 Metaspace       used 67849K, capacity 68480K, committed 68696K, reserved 1110016K
  class space    used 8784K, capacity 9008K, committed 9088K, reserved 1048576K
}

