# JRE version: OpenJDK Runtime Environment (15.0.1+9) (build 15.0.1+9-18)
# Java VM: OpenJDK 64-Bit Server VM (15.0.1+9-18, mixed mode, tiered, compressed oops, g1 gc, windows-amd64)
GC Precious Log:
 CPUs: 8 total, 8 available
 Memory: 8078M
 Large Page Support: Disabled
 NUMA Support: Disabled
 Compressed Oops: Enabled (32-bit)
 Heap Region Size: 1M
 Heap Min Capacity: 8M
 Heap Initial Capacity: 128M
 Heap Max Capacity: 2020M
 Pre-touch: Disabled
 Parallel Workers: 8
 Concurrent Workers: 2
 Concurrent Refinement Workers: 8
 Periodic GC: Disabled
Heap:
 garbage-first heap   total 77824K, used 40051K [0x0000000081c00000, 0x0000000100000000)
  region size 1024K, 4 young (4096K), 3 survivors (3072K)
 Metaspace       used 67184K, capacity 67802K, committed 68172K, reserved 1107968K
  class space    used 8696K, capacity 8924K, committed 9036K, reserved 1048576K
GC Heap History (20 events):
Event: 1778.988 GC heap before
{Heap before GC invocations=21 (full 0):
 garbage-first heap   total 77824K, used 61165K [0x0000000081c00000, 0x0000000100000000)
  region size 1024K, 34 young (34816K), 2 survivors (2048K)
 Metaspace       used 67344K, capacity 68062K, committed 68172K, reserved 1107968K
  class space    used 8727K, capacity 8964K, committed 9036K, reserved 1048576K
}
Event: 1778.993 GC heap after
{Heap after GC invocations=22 (full 0):
 garbage-first heap   total 77824K, used 30739K [0x0000000081c00000, 0x0000000100000000)
  region size 1024K, 4 young (4096K), 4 survivors (4096K)
 Metaspace       used 67344K, capacity 68062K, committed 68172K, reserved 1107968K
  class space    used 8727K, capacity 8964K, committed 9036K, reserved 1048576K
}
Event: 2455.747 GC heap before
{Heap before GC invocations=22 (full 0):
 garbage-first heap   total 77824K, used 60435K [0x0000000081c00000, 0x0000000100000000)
  region size 1024K, 34 young (34816K), 4 survivors (4096K)
 Metaspace       used 67348K, capacity 68068K, committed 68172K, reserved 1107968K
  class space    used 8728K, capacity 8965K, committed 9036K, reserved 1048576K
}
Event: 2455.751 GC heap after
{Heap after GC invocations=23 (full 0):
 garbage-first heap   total 77824K, used 32631K [0x0000000081c00000, 0x0000000100000000)
  region size 1024K, 4 young (4096K), 4 survivors (4096K)
 Metaspace       used 67348K, capacity 68068K, committed 68172K, reserved 1107968K
  class space    used 8728K, capacity 8965K, committed 9036K, reserved 1048576K
}
Event: 3547.543 GC heap before
{Heap before GC invocations=23 (full 0):
 garbage-first heap   total 77824K, used 61303K [0x0000000081c00000, 0x0000000100000000)
  region size 1024K, 32 young (32768K), 4 survivors (4096K)
 Metaspace       used 67348K, capacity 68068K, committed 68172K, reserved 1107968K
  class space    used 8728K, capacity 8965K, committed 9036K, reserved 1048576K
}
Event: 3547.547 GC heap after
{Heap after GC invocations=24 (full 0):
 garbage-first heap   total 77824K, used 33565K [0x0000000081c00000, 0x0000000100000000)
  region size 1024K, 3 young (3072K), 3 survivors (3072K)
 Metaspace       used 67348K, capacity 68068K, committed 68172K, reserved 1107968K
  class space    used 8728K, capacity 8965K, committed 9036K, reserved 1048576K
}
Event: 3574.866 GC heap before
{Heap before GC invocations=24 (full 0):
 garbage-first heap   total 77824K, used 60189K [0x0000000081c00000, 0x0000000100000000)
  region size 1024K, 30 young (30720K), 3 survivors (3072K)
 Metaspace       used 67349K, capacity 68068K, committed 68172K, reserved 1107968K
  class space    used 8728K, capacity 8965K, committed 9036K, reserved 1048576K
}
Event: 3574.868 GC heap after
{Heap after GC invocations=25 (full 0):
 garbage-first heap   total 77824K, used 35519K [0x0000000081c00000, 0x0000000100000000)
  region size 1024K, 3 young (3072K), 3 survivors (3072K)
 Metaspace       used 67349K, capacity 68068K, committed 68172K, reserved 1107968K
  class space    used 8728K, capacity 8965K, committed 9036K, reserved 1048576K
}
Event: 5281.326 GC heap before
{Heap before GC invocations=25 (full 0):
 garbage-first heap   total 77824K, used 61119K [0x0000000081c00000, 0x0000000100000000)
  region size 1024K, 29 young (29696K), 3 survivors (3072K)
 Metaspace       used 67369K, capacity 68100K, committed 68172K, reserved 1107968K
  class space    used 8731K, capacity 8997K, committed 9036K, reserved 1048576K
}
Event: 5281.332 GC heap after
{Heap after GC invocations=26 (full 0):
 garbage-first heap   total 77824K, used 35949K [0x0000000081c00000, 0x0000000100000000)
  region size 1024K, 3 young (3072K), 3 survivors (3072K)
 Metaspace       used 67369K, capacity 68100K, committed 68172K, reserved 1107968K
  class space    used 8731K, capacity 8997K, committed 9036K, reserved 1048576K
}
Event: 5344.557 GC heap before
{Heap before GC invocations=26 (full 0):
 garbage-first heap   total 77824K, used 61549K [0x0000000081c00000, 0x0000000100000000)
  region size 1024K, 29 young (29696K), 3 survivors (3072K)
 Metaspace       used 67369K, capacity 68100K, committed 68172K, reserved 1107968K
  class space    used 8731K, capacity 8997K, committed 9036K, reserved 1048576K
}
Event: 5344.560 GC heap after
{Heap after GC invocations=27 (full 0):
 garbage-first heap   total 77824K, used 37998K [0x0000000081c00000, 0x0000000100000000)
  region size 1024K, 3 young (3072K), 3 survivors (3072K)
 Metaspace       used 67369K, capacity 68100K, committed 68172K, reserved 1107968K
  class space    used 8731K, capacity 8997K, committed 9036K, reserved 1048576K
}
Event: 5966.739 GC heap before
{Heap before GC invocations=27 (full 0):
 garbage-first heap   total 77824K, used 62574K [0x0000000081c00000, 0x0000000100000000)
  region size 1024K, 27 young (27648K), 3 survivors (3072K)
 Metaspace       used 67377K, capacity 68100K, committed 68172K, reserved 1107968K
  class space    used 8733K, capacity 8997K, committed 9036K, reserved 1048576K
}
Event: 5966.746 GC heap after
{Heap after GC invocations=28 (full 0):
 garbage-first heap   total 77824K, used 39241K [0x0000000081c00000, 0x0000000100000000)
  region size 1024K, 4 young (4096K), 4 survivors (4096K)
 Metaspace       used 67377K, capacity 68100K, committed 68172K, reserved 1107968K
  class space    used 8733K, capacity 8997K, committed 9036K, reserved 1048576K
}
Event: 9255.317 GC heap before
{Heap before GC invocations=29 (full 0):
 garbage-first heap   total 77824K, used 62793K [0x0000000081c00000, 0x0000000100000000)
  region size 1024K, 27 young (27648K), 4 survivors (4096K)
 Metaspace       used 67184K, capacity 67802K, committed 68172K, reserved 1107968K
  class space    used 8696K, capacity 8924K, committed 9036K, reserved 1048576K
}
Event: 9255.320 GC heap after
{Heap after GC invocations=30 (full 0):
 garbage-first heap   total 77824K, used 40130K [0x0000000081c00000, 0x0000000100000000)
  region size 1024K, 3 young (3072K), 3 survivors (3072K)
 Metaspace       used 67184K, capacity 67802K, committed 68172K, reserved 1107968K
  class space    used 8696K, capacity 8924K, committed 9036K, reserved 1048576K
}
Event: 9255.323 GC heap before
{Heap before GC invocations=30 (full 0):
 garbage-first heap   total 77824K, used 41154K [0x0000000081c00000, 0x0000000100000000)
  region size 1024K, 4 young (4096K), 3 survivors (3072K)
 Metaspace       used 67184K, capacity 67802K, committed 68172K, reserved 1107968K
  class space    used 8696K, capacity 8924K, committed 9036K, reserved 1048576K
}
Event: 9255.329 GC heap after
{Heap after GC invocations=31 (full 0):
 garbage-first heap   total 77824K, used 37738K [0x0000000081c00000, 0x0000000100000000)
  region size 1024K, 1 young (1024K), 1 survivors (1024K)
 Metaspace       used 67184K, capacity 67802K, committed 68172K, reserved 1107968K
  class space    used 8696K, capacity 8924K, committed 9036K, reserved 1048576K
}
Event: 9255.470 GC heap before
{Heap before GC invocations=31 (full 0):
 garbage-first heap   total 77824K, used 62314K [0x0000000081c00000, 0x0000000100000000)
  region size 1024K, 26 young (26624K), 1 survivors (1024K)
 Metaspace       used 67184K, capacity 67802K, committed 68172K, reserved 1107968K
  class space    used 8696K, capacity 8924K, committed 9036K, reserved 1048576K
}
Event: 9255.472 GC heap after
{Heap after GC invocations=32 (full 0):
 garbage-first heap   total 77824K, used 40051K [0x0000000081c00000, 0x0000000100000000)
  region size 1024K, 3 young (3072K), 3 survivors (3072K)
 Metaspace       used 67184K, capacity 67802K, committed 68172K, reserved 1107968K
  class space    used 8696K, capacity 8924K, committed 9036K, reserved 1048576K
}

